[12:10:58] [main/INFO] (FabricLoader/GameProvider) Loading Minecraft 1.21.1 with Fabric Loader 0.16.5
[12:10:59] [main/INFO] (FabricLoader) Loading 45 mods:
	- fabric-api 0.104.0+1.21.1
	- fabric-api-base 0.4.42+6573ed8c19
	- fabric-api-lookup-api-v1 1.6.68+b559734419
	- fabric-biome-api-v1 13.0.29+5bd9f1bc19
	- fabric-block-api-v1 1.0.22+0af3f5a719
	- fabric-block-view-api-v2 1.0.10+6573ed8c19
	- fabric-command-api-v1 1.2.49+f71b366f19
	- fabric-command-api-v2 2.2.28+6ced4dd919
	- fabric-commands-v0 0.2.66+df3654b319
	- fabric-content-registries-v0 8.0.16+b559734419
	- fabric-convention-tags-v1 2.0.22+7f945d5b19
	- fabric-convention-tags-v2 2.7.0+4053855719
	- fabric-crash-report-info-v1 0.2.29+0af3f5a719
	- fabric-data-attachment-api-v1 1.1.28+1daea21519
	- fabric-data-generation-api-v1 20.2.19+16c4ae2519
	- fabric-dimensions-v1 4.0.0+6fc22b9919
	- fabric-entity-events-v1 1.7.0+2122d82819
	- fabric-events-interaction-v0 0.7.12+ba9dae0619
	- fabric-game-rule-api-v1 1.0.53+6ced4dd919
	- fabric-gametest-api-v1 2.0.4+6fc22b9919
	- fabric-item-api-v1 11.0.0+afdfc92119
	- fabric-item-group-api-v1 4.1.5+3fc0e55219
	- fabric-lifecycle-events-v1 2.3.12+6c1df36019
	- fabric-loot-api-v2 3.0.14+3f89f5a519
	- fabric-loot-api-v3 1.0.2+3f89f5a519
	- fabric-message-api-v1 6.0.13+6573ed8c19
	- fabric-networking-api-v1 4.2.2+60c3209b19
	- fabric-object-builder-api-v1 15.2.0+40875a9319
	- fabric-particles-v1 4.0.2+6573ed8c19
	- fabric-permissions-api-v0 0.3.1
	- fabric-recipe-api-v1 5.0.12+6508971219
	- fabric-registry-sync-v0 5.1.2+60c3209b19
	- fabric-rendering-data-attachment-v1 0.3.48+73761d2e19
	- fabric-rendering-fluids-v1 3.1.6+1daea21519
	- fabric-resource-conditions-api-v1 4.3.0+8dc279b119
	- fabric-resource-loader-v0 1.3.0+5659912919
	- fabric-screen-handler-api-v1 1.3.86+b559734419
	- fabric-transfer-api-v1 5.2.0+d38f898f19
	- fabric-transitive-access-wideners-v1 6.1.0+1daea21519
	- fabricloader 0.16.5
	- java 21
	- luckperms 5.4.140
	- minecraft 1.21.1
	- mixinextras 0.4.1
	- tnteventborukva 1.0-SNAPSHOT
[12:11:02] [main/INFO] (FabricLoader/Mixin) SpongePowered MIXIN Subsystem Version=0.8.7 Source=file:/C:/Users/Nazarii/.gradle/caches/modules-2/files-2.1/net.fabricmc/sponge-mixin/0.15.3+mixin.0.8.7/51ee0a44ab05f6fddd66b09e66b3a16904f9c55d/sponge-mixin-0.15.3+mixin.0.8.7.jar Service=Knot/Fabric Env=SERVER
[12:11:02] [main/INFO] (FabricLoader/Mixin) Loaded Fabric development mappings for mixin remapper!
[12:11:02] [main/INFO] (FabricLoader/Mixin) Compatibility level set to JAVA_17
[12:11:02] [main/INFO] (FabricLoader/Mixin) Compatibility level set to JAVA_21
[12:11:02] [main/INFO] (FabricLoader/MixinExtras|Service) Initializing MixinExtras via com.llamalad7.mixinextras.service.MixinExtrasServiceImpl(version=0.4.1).
[12:11:03] [main/WARN] (PerfDataUtil) Failed to add PDH Counter: \Paging File(_Total)\% Usage, Error code: 0xC0000BB8
[12:11:03] [main/WARN] (PerfCounterQueryHandler) Failed to add counter for PDH counter: \Paging File(_Total)\% Usage
[12:11:03] [main/WARN] (PerfCounterQuery) Disabling further attempts to query Paging File.
[12:11:04] [main/WARN] (WmiQueryHandler) COM exception: Invalid Query: SELECT PERCENTUSAGE FROM Win32_PerfRawData_PerfOS_PagingFile
[12:11:09] [main/INFO] (Minecraft) Environment: Environment[sessionHost=https://sessionserver.mojang.com, servicesHost=https://api.minecraftservices.com, name=PROD]
[12:11:10] [main/INFO] (Minecraft) Loaded 1290 recipes
[12:11:10] [main/INFO] (Minecraft) Loaded 1399 advancements
[12:11:10] [main/INFO] (BiomeModificationImpl) Applied 0 biome modifications to 0 of 64 new biomes in 1.280 ms
[12:11:10] [Server thread/INFO] (Minecraft)         __    
[12:11:10] [Server thread/INFO] (Minecraft)   |    |__)   LuckPerms v5.4.140
[12:11:10] [Server thread/INFO] (Minecraft)   |___ |      Running on Fabric - fabric@0.104.0+1.21.1
[12:11:10] [Server thread/INFO] (Minecraft) 
[12:11:10] [Server thread/INFO] (luckperms) Loading configuration...
[12:11:11] [Server thread/INFO] (luckperms) Loading storage provider... [H2]
[12:11:11] [Server thread/INFO] (luckperms) Loading internal permission managers...
[12:11:11] [Server thread/INFO] (luckperms) Performing initial data load...
[12:11:11] [Server thread/INFO] (luckperms) Successfully enabled. (took 437ms)
[12:11:11] [Server thread/INFO] (Minecraft) Starting minecraft server version 1.21.1
[12:11:11] [Server thread/INFO] (Minecraft) Loading properties
[12:11:11] [Server thread/INFO] (Minecraft) Default game type: SURVIVAL
[12:11:11] [Server thread/INFO] (Minecraft) Generating keypair
[12:11:11] [Server thread/INFO] (Minecraft) Starting Minecraft server on *:25565
[12:11:11] [Server thread/INFO] (Minecraft) Using default channel type
[12:11:11] [Server thread/INFO] (Minecraft) Preparing level "world"
[12:11:13] [Server thread/INFO] (Minecraft) Preparing start region for dimension minecraft:overworld
[12:11:13] [Worker-Main-7/INFO] (Minecraft) Preparing spawn area: 0%
[12:11:13] [Server thread/INFO] (Minecraft) Time elapsed: 297 ms
[12:11:13] [Server thread/INFO] (Minecraft) Done (1.746s)! For help, type "help"
[12:11:19] [User Authenticator #1/INFO] (Minecraft) UUID of player Fiv_ is 51783ccc-dfec-4676-b3eb-684b12ae3343
[12:11:20] [Server thread/INFO] (Minecraft) Fiv_[/127.0.0.1:63393] logged in with entity id 23 at (351.56304593914285, 99.0268313423707, 74.15984017549376)
[12:11:20] [Server thread/INFO] (Minecraft) Fiv_ joined the game
